<?xml version="1.0" encoding="UTF-8"?>
<!-- Generated by org.testng.reporters.JUnitReportReporter -->
<testsuite skipped="0" hostname="LAPTOP-VUA34NI6" name="testngFramework.TestNGFirst" tests="1" failures="0" timestamp="2019-09-10T23:11:08 IST" time="66.096" errors="0">
  <testcase name="f" time="66.096" classname="testngFramework.TestNGFirst"/>
</testsuite> <!-- testngFramework.TestNGFirst -->
