<?xml version="1.0" encoding="UTF-8"?>
<!-- Generated by org.testng.reporters.JUnitReportReporter -->
<testsuite skipped="0" hostname="LAPTOP-VUA34NI6" name="testngFramework.TestNGGrouping" tests="1" failures="0" timestamp="2019-09-10T23:11:08 IST" time="0.003" errors="0">
  <testcase name="f" time="0.003" classname="testngFramework.TestNGGrouping"/>
</testsuite> <!-- testngFramework.TestNGGrouping -->
