<?xml version="1.0" encoding="UTF-8"?>
<!-- Generated by org.testng.reporters.JUnitReportReporter -->
<testsuite skipped="0" hostname="LAPTOP-VUA34NI6" name="com.framework.HomePage" tests="2" failures="0" timestamp="27 Sep 2019 19:29:29 GMT" time="38.857" errors="0">
  <testcase name="basePageNavigation" time="16.504" classname="com.framework.HomePage"/>
  <testcase name="basePageNavigation" time="22.353" classname="com.framework.HomePage"/>
</testsuite> <!-- com.framework.HomePage -->
