<?xml version="1.0" encoding="UTF-8"?>
<!-- Generated by org.testng.reporters.JUnitReportReporter -->
<testsuite skipped="0" hostname="LAPTOP-VUA34NI6" name="com.framework.HomePage" tests="2" failures="0" timestamp="27 Sep 2019 18:43:28 GMT" time="45.620" errors="0">
  <testcase name="basePageNavigation" time="24.912" classname="com.framework.HomePage"/>
  <testcase name="basePageNavigation" time="20.708" classname="com.framework.HomePage"/>
</testsuite> <!-- com.framework.HomePage -->
