<?xml version="1.0" encoding="UTF-8"?>
<!-- Generated by org.testng.reporters.JUnitReportReporter -->
<testsuite skipped="0" hostname="LAPTOP-VUA34NI6" name="com.qa.AppTest" tests="1" failures="0" timestamp="20 Sep 2019 16:50:13 GMT" time="0.003" errors="0">
  <testcase name="testApp" time="0.003" classname="com.qa.AppTest"/>
</testsuite> <!-- com.qa.AppTest -->
