<?xml version="1.0" encoding="UTF-8"?>
<!-- Generated by org.testng.reporters.JUnitReportReporter -->
<testsuite skipped="0" hostname="LAPTOP-VUA34NI6" name="com.qa.SeleniumTest" tests="1" failures="0" timestamp="20 Sep 2019 16:50:13 GMT" time="0.011" errors="0">
  <testcase name="browserTest" time="0.011" classname="com.qa.SeleniumTest"/>
</testsuite> <!-- com.qa.SeleniumTest -->
